<?xml version="1.0" encoding="UTF-8"?>
<!-- Generated by org.testng.reporters.JUnitXMLReporter -->
<testsuite ignored="0" hostname="DESKTOP-Q0APMFG" failures="0" tests="5" name="N11 TaskCalismasi" time="30.941" errors="0" timestamp="16 Mar 2019 14:54:33 GMT">
  <testcase classname="n11Casecalismasi.Testcases.TC001" name="step1" time="2.507"/>
  <testcase classname="n11Casecalismasi.Testcases.TC001" name="step2" time="8.145"/>
  <testcase classname="n11Casecalismasi.Testcases.TC001" name="step3" time="4.527"/>
  <testcase classname="n11Casecalismasi.Testcases.TC001" name="step4" time="6.676"/>
  <testcase classname="n11Casecalismasi.Testcases.TC001" name="step5" time="4.566"/>
</testsuite> <!-- N11 TaskCalismasi -->
