<?xml version="1.0" encoding="UTF-8"?>
<!-- Generated by org.testng.reporters.JUnitXMLReporter -->
<testsuite ignored="0" hostname="DESKTOP-Q0APMFG" failures="0" tests="5" name="N11 Anasayfa" time="33.086" errors="0" timestamp="16 Mar 2019 14:04:47 GMT">
  <testcase classname="keytorc.casecalismasi.setup.deneme" name="deneme1" time="2.457"/>
  <testcase classname="keytorc.casecalismasi.setup.deneme" name="deneme2" time="9.299"/>
  <testcase classname="keytorc.casecalismasi.setup.deneme" name="deneme3" time="5.527"/>
  <testcase classname="keytorc.casecalismasi.setup.deneme" name="deneme4" time="6.799"/>
  <testcase classname="keytorc.casecalismasi.setup.deneme" name="deneme5" time="4.572"/>
</testsuite> <!-- N11 Anasayfa -->
